Start
Sat Jul  5 12:23:16 UTC 2025 - Keep active
Sat Jul  5 12:55:31 UTC 2025 - Keep active
Sun Jul  6 12:55:49 UTC 2025 - Keep active
Mon Jul  7 13:00:54 UTC 2025 - Keep active
Tue Jul  8 13:00:47 UTC 2025 - Keep active
Wed Jul  9 13:01:03 UTC 2025 - Keep active
Thu Jul 10 13:01:44 UTC 2025 - Keep active
Fri Jul 11 13:00:11 UTC 2025 - Keep active
Sat Jul 12 12:56:36 UTC 2025 - Keep active
Sun Jul 13 12:57:16 UTC 2025 - Keep active
Mon Jul 14 13:02:45 UTC 2025 - Keep active
Tue Jul 15 13:03:18 UTC 2025 - Keep active
Wed Jul 16 13:04:02 UTC 2025 - Keep active
Thu Jul 17 13:03:32 UTC 2025 - Keep active
Fri Jul 18 13:04:23 UTC 2025 - Keep active
Sat Jul 19 12:58:00 UTC 2025 - Keep active
Sun Jul 20 12:59:13 UTC 2025 - Keep active
Mon Jul 21 13:05:05 UTC 2025 - Keep active
Tue Jul 22 13:04:37 UTC 2025 - Keep active
Wed Jul 23 13:05:14 UTC 2025 - Keep active
Thu Jul 24 13:04:39 UTC 2025 - Keep active
Fri Jul 25 13:03:07 UTC 2025 - Keep active
Sat Jul 26 12:58:35 UTC 2025 - Keep active
Sun Jul 27 12:59:39 UTC 2025 - Keep active
Mon Jul 28 13:05:48 UTC 2025 - Keep active
Tue Jul 29 13:06:46 UTC 2025 - Keep active
Wed Jul 30 13:06:16 UTC 2025 - Keep active
